DEBUG 2023-06-16 03:43:43,690 views 15048 11408 Користувач вийшов з системи
DEBUG 2023-06-16 04:02:40,313 views 15292 14716 відкрито головну сторінку
DEBUG 2023-06-16 04:02:56,625 views 15292 13768 відкрито головну сторінку
DEBUG 2023-06-16 04:02:59,699 views 15292 13548 відкрито сторінку факультету: Educational and Scientific Institute of Energy, Electronics and Electromechanics
DEBUG 2023-06-16 04:03:05,541 views 15292 14228 відкрито сторінку факультету: Educational and Scientific Institute of Computer Sciences and Information Technologies
DEBUG 2023-06-16 04:03:07,535 views 15292 14228 відкрито сторінку спеціальності
DEBUG 2023-06-16 04:08:43,827 views 12832 15048 відкрито головну сторінку
DEBUG 2023-06-16 04:08:49,098 views 12832 13776 відкрито сторінку факультету: Educational and Scientific Institute of Computer Sciences and Information Technologies
DEBUG 2023-06-16 04:08:50,440 views 12832 13776 відкрито сторінку спеціальності
DEBUG 2023-06-16 04:09:34,920 views 5724 2908 відкрито головну сторінку
DEBUG 2023-06-16 04:09:42,685 views 5724 12120 відкрито сторінку факультету: Навчально-науковий інститут комп'ютерних наук та інформаційних технологій
DEBUG 2023-06-16 04:10:34,322 views 5724 15284 відкрито сторінку спеціальності
DEBUG 2023-06-16 04:10:38,918 views 5724 9016 відкрито сторінку спеціальності
DEBUG 2023-06-16 04:10:49,611 views 5724 14920 відкрито головну сторінку
DEBUG 2023-06-16 04:10:51,437 views 5724 14920 відкрито сторінку авторизації
DEBUG 2023-06-16 04:10:52,804 views 5724 14920 відкрито сторінку реєстрації
DEBUG 2023-06-16 04:10:53,921 views 5724 13844 відкрито сторінку авторизації
DEBUG 2023-06-16 04:10:59,331 views 5724 13644 спроба авторизації
DEBUG 2023-06-16 04:11:00,452 views 5724 13644 вдала спроба авторизації
DEBUG 2023-06-16 04:11:00,493 views 5724 13644 відкрито головну сторінку
INFO 2023-06-16 04:11:07,926 views 5724 13644 Авторизований користувач намагався відкрити сторінку авторизації
DEBUG 2023-06-16 04:11:07,950 views 5724 13644 відкрито головну сторінку
DEBUG 2023-06-16 04:11:11,384 views 5724 14512 відкрито сторінку зі сканом атестату
DEBUG 2023-06-16 04:11:13,098 views 5724 14512 відкрито сторінку зі сканом атестату
INFO 2023-06-16 04:11:19,530 views 5724 14100 користувач додав скан атестату
DEBUG 2023-06-16 04:11:19,530 views 5724 14100 відкрито сторінку зі сканом атестату
INFO 2023-06-16 04:11:21,738 views 5724 14100 користувач видалив свій скан атестату
DEBUG 2023-06-16 04:11:21,752 views 5724 14100 відкрито сторінку зі сканом атестату
DEBUG 2023-06-16 04:11:28,156 views 5724 14100 відкрито сторінку факультету: Educational and Scientific Institute of Computer Sciences and Information Technologies
DEBUG 2023-06-16 04:11:29,817 views 5724 6020 відкрито сторінку спеціальності
DEBUG 2023-06-16 04:11:38,737 views 5724 6020 відкрито сторінку спеціальності
DEBUG 2023-06-16 04:11:45,548 views 5724 13768 відкрито головну сторінку
DEBUG 2023-06-16 04:12:06,891 views 5724 15280 відкрито головну сторінку
DEBUG 2023-06-16 04:12:09,985 views 5724 14372 відкрито головну сторінку
DEBUG 2023-06-16 04:12:20,430 views 5724 12960 відкрито сторінку факультету: Навчально-науковий інститут комп'ютерних наук та інформаційних технологій
DEBUG 2023-06-16 04:12:35,455 views 5724 15120 відкрито сторінку спеціальності
DEBUG 2023-06-16 04:44:59,493 views 14888 14012 Користувач вийшов з системи
DEBUG 2023-06-16 04:44:59,539 views 14888 14012 відкрито головну сторінку
DEBUG 2023-06-16 04:48:16,182 views 14516 7448 Користувач вийшов з системи
DEBUG 2023-06-16 04:48:16,226 views 14516 7448 відкрито головну сторінку
DEBUG 2023-06-16 04:48:16,281 views 14516 7448 відкрито сторінку реєстрації
DEBUG 2023-06-16 04:50:06,493 views 11992 15184 Користувач вийшов з системи
DEBUG 2023-06-16 04:50:06,541 views 11992 15184 відкрито головну сторінку
DEBUG 2023-06-16 04:50:06,691 views 11992 15184 відкрито сторінку реєстрації
INFO 2023-06-16 04:50:08,507 views 11992 15184 Авторизований користувач намагався відкрити сторінку реєстрації
DEBUG 2023-06-16 04:50:08,509 views 11992 15184 відкрито головну сторінку
DEBUG 2023-06-16 04:55:50,596 views 14036 13548 Користувач вийшов з системи
DEBUG 2023-06-16 04:55:50,652 views 14036 13548 відкрито головну сторінку
DEBUG 2023-06-16 04:55:50,711 views 14036 13548 відкрито сторінку реєстрації
INFO 2023-06-16 04:55:53,195 views 14036 13548 Авторизований користувач намагався відкрити сторінку реєстрації
DEBUG 2023-06-16 04:55:53,198 views 14036 13548 відкрито головну сторінку
DEBUG 2023-06-16 04:59:45,052 views 11692 13440 Користувач вийшов з системи
DEBUG 2023-06-16 04:59:45,128 views 11692 13440 відкрито головну сторінку
DEBUG 2023-06-16 04:59:45,174 views 11692 13440 відкрито сторінку реєстрації
DEBUG 2023-06-16 05:05:53,317 views 428 14784 Користувач вийшов з системи
DEBUG 2023-06-16 05:05:53,367 views 428 14784 відкрито головну сторінку
DEBUG 2023-06-16 05:05:53,421 views 428 14784 відкрито сторінку реєстрації
DEBUG 2023-06-16 05:23:54,565 views 10620 4816 Користувач вийшов з системи
DEBUG 2023-06-16 05:23:54,612 views 10620 4816 відкрито головну сторінку
DEBUG 2023-06-16 05:23:54,659 views 10620 4816 відкрито сторінку реєстрації
DEBUG 2023-06-16 05:24:23,118 views 2904 2220 Користувач вийшов з системи
DEBUG 2023-06-16 05:24:23,165 views 2904 2220 відкрито головну сторінку
DEBUG 2023-06-16 05:24:23,212 views 2904 2220 відкрито сторінку реєстрації
DEBUG 2023-06-16 05:26:36,918 views 10976 5264 Користувач вийшов з системи
DEBUG 2023-06-16 05:26:36,965 views 10976 5264 відкрито головну сторінку
DEBUG 2023-06-16 05:26:37,012 views 10976 5264 відкрито сторінку реєстрації
DEBUG 2023-06-16 05:27:42,267 views 8320 9676 Користувач вийшов з системи
DEBUG 2023-06-16 05:27:42,314 views 8320 9676 відкрито головну сторінку
DEBUG 2023-06-16 05:27:42,361 views 8320 9676 відкрито сторінку реєстрації
INFO 2023-06-16 05:27:44,015 views 8320 9676 Авторизований користувач намагався відкрити сторінку реєстрації
DEBUG 2023-06-16 05:27:44,015 views 8320 9676 відкрито головну сторінку
DEBUG 2023-06-16 05:28:50,066 views 9720 10968 Користувач вийшов з системи
DEBUG 2023-06-16 05:28:50,112 views 9720 10968 відкрито головну сторінку
DEBUG 2023-06-16 05:28:50,159 views 9720 10968 відкрито сторінку реєстрації
INFO 2023-06-16 05:28:51,804 views 9720 10968 Авторизований користувач намагався відкрити сторінку реєстрації
DEBUG 2023-06-16 05:28:51,804 views 9720 10968 відкрито головну сторінку
DEBUG 2023-06-16 05:29:16,042 views 3852 2552 Користувач вийшов з системи
DEBUG 2023-06-16 05:29:16,089 views 3852 2552 відкрито головну сторінку
DEBUG 2023-06-16 05:29:16,120 views 3852 2552 відкрито сторінку реєстрації
INFO 2023-06-16 05:29:17,773 views 3852 2552 Авторизований користувач намагався відкрити сторінку реєстрації
DEBUG 2023-06-16 05:29:17,773 views 3852 2552 відкрито головну сторінку
DEBUG 2023-06-16 05:33:52,734 views 8496 4440 Користувач вийшов з системи
DEBUG 2023-06-16 05:33:52,781 views 8496 4440 відкрито головну сторінку
DEBUG 2023-06-16 05:33:52,828 views 8496 4440 відкрито сторінку реєстрації
DEBUG 2023-06-16 05:35:33,828 views 6448 2192 Користувач вийшов з системи
DEBUG 2023-06-16 05:35:33,859 views 6448 2192 відкрито головну сторінку
DEBUG 2023-06-16 05:35:33,906 views 6448 2192 відкрито сторінку реєстрації
DEBUG 2023-06-16 05:37:06,284 views 5196 5728 Користувач вийшов з системи
DEBUG 2023-06-16 05:37:06,331 views 5196 5728 відкрито головну сторінку
DEBUG 2023-06-16 05:37:06,378 views 5196 5728 відкрито сторінку реєстрації
DEBUG 2023-06-16 05:38:13,911 views 6760 7564 Користувач вийшов з системи
DEBUG 2023-06-16 05:38:13,958 views 6760 7564 відкрито головну сторінку
DEBUG 2023-06-16 05:38:14,005 views 6760 7564 відкрито сторінку реєстрації
DEBUG 2023-06-16 05:39:42,910 views 7076 8788 Користувач вийшов з системи
DEBUG 2023-06-16 05:39:42,957 views 7076 8788 відкрито головну сторінку
DEBUG 2023-06-16 05:39:43,004 views 7076 8788 відкрито сторінку реєстрації
DEBUG 2023-06-16 05:42:15,047 views 1552 2080 Користувач вийшов з системи
DEBUG 2023-06-16 05:42:15,094 views 1552 2080 відкрито головну сторінку
DEBUG 2023-06-16 05:42:15,141 views 1552 2080 відкрито сторінку реєстрації
DEBUG 2023-06-16 05:45:04,404 views 6940 108 Користувач вийшов з системи
DEBUG 2023-06-16 05:45:04,451 views 6940 108 відкрито головну сторінку
DEBUG 2023-06-16 05:45:04,483 views 6940 108 відкрито сторінку реєстрації
DEBUG 2023-06-16 05:45:21,584 views 8480 2764 відкрито головну сторінку
DEBUG 2023-06-16 05:45:25,833 views 8480 2764 Користувач вийшов з системи
DEBUG 2023-06-16 05:45:25,857 views 8480 2764 відкрито головну сторінку
DEBUG 2023-06-16 05:45:26,696 views 8480 2764 відкрито сторінку реєстрації
DEBUG 2023-06-16 05:45:28,810 views 8480 6708 відкрито сторінку реєстрації
INFO 2023-06-16 05:46:23,780 views 8480 8264 відправлено лист верифікації на пошту
DEBUG 2023-06-16 05:46:23,780 views 8480 8264 користувач створив обліковий запис в системі
DEBUG 2023-06-16 05:48:56,060 views 5624 10896 Користувач вийшов з системи
DEBUG 2023-06-16 05:48:56,091 views 5624 10896 відкрито головну сторінку
DEBUG 2023-06-16 05:48:56,138 views 5624 10896 відкрито сторінку реєстрації
DEBUG 2023-06-16 05:49:23,099 views 6076 1112 Користувач вийшов з системи
DEBUG 2023-06-16 05:49:23,146 views 6076 1112 відкрито головну сторінку
DEBUG 2023-06-16 05:49:23,193 views 6076 1112 відкрито сторінку реєстрації
DEBUG 2023-06-16 05:50:39,217 views 2980 8708 Користувач вийшов з системи
DEBUG 2023-06-16 05:50:39,264 views 2980 8708 відкрито головну сторінку
DEBUG 2023-06-16 05:50:39,311 views 2980 8708 відкрито сторінку реєстрації
DEBUG 2023-06-16 06:04:26,638 views 1112 4308 відкрито головну сторінку
DEBUG 2023-06-16 06:04:29,016 views 1112 4308 відкрито головну сторінку
DEBUG 2023-06-16 06:04:34,815 views 1112 4308 відкрито сторінку факультету: Educational and Scientific Institute of Computer Sciences and Information Technologies
DEBUG 2023-06-16 06:04:36,766 views 1112 4904 відкрито сторінку спеціальності
DEBUG 2023-06-16 06:04:44,591 views 1112 292 відкрито головну сторінку
DEBUG 2023-06-16 06:14:53,267 views 1112 6888 відкрито головну сторінку
DEBUG 2023-06-16 06:15:00,842 views 1112 6888 відкрито головну сторінку
DEBUG 2023-06-16 06:15:02,184 views 1112 6888 відкрито сторінку реєстрації
DEBUG 2023-06-16 06:15:04,011 views 1112 6888 відкрито сторінку авторизації
DEBUG 2023-06-16 06:15:32,463 views 1112 2984 спроба авторизації
DEBUG 2023-06-16 07:58:48,677 views 1112 11944 відкрито головну сторінку
DEBUG 2023-06-16 07:58:52,458 views 1112 11944 відкрито сторінку факультету: Навчально-науковий інститут механічної інженерії і транспорту
DEBUG 2023-06-16 07:58:53,727 views 1112 11944 відкрито сторінку спеціальності
DEBUG 2023-06-16 08:00:09,565 views 1112 12452 відкрито головну сторінку
DEBUG 2023-06-16 18:51:41,154 views 1112 13136 відкрито головну сторінку
DEBUG 2023-06-16 18:58:51,676 views 1112 13992 відкрито головну сторінку
DEBUG 2023-06-16 18:58:54,741 views 1112 13992 відкрито сторінку факультету: Навчально-науковий інститут енергетики, електроніки та електромеханіки
DEBUG 2023-06-16 18:58:56,433 views 1112 1296 відкрито сторінку спеціальності
DEBUG 2023-06-16 21:13:18,805 views 4984 5764 відкрито головну сторінку
DEBUG 2023-06-16 21:13:23,246 views 4984 5764 відкрито головну сторінку
DEBUG 2023-06-16 21:13:37,824 views 4984 10956 відкрито головну сторінку
DEBUG 2023-06-16 21:13:38,644 views 4984 10956 Користувач вийшов з системи
DEBUG 2023-06-16 21:13:38,666 views 4984 10956 відкрито головну сторінку
DEBUG 2023-06-16 21:13:39,899 views 4984 10956 відкрито головну сторінку
DEBUG 2023-06-16 21:17:01,404 views 4984 11256 відкрито сторінку реєстрації
INFO 2023-06-16 21:21:56,436 views 4984 3332 відправлено лист верифікації на пошту
DEBUG 2023-06-16 21:21:56,436 views 4984 3332 користувач створив обліковий запис в системі
DEBUG 2023-06-16 21:24:50,431 views 4984 6520 відкрито сторінку авторизації
DEBUG 2023-06-16 21:25:10,331 views 4984 6396 відкрито сторінку авторизації
DEBUG 2023-06-16 21:26:37,269 views 4984 3152 спроба авторизації
DEBUG 2023-06-16 21:26:38,108 views 4984 3152 вдала спроба авторизації
DEBUG 2023-06-16 21:26:38,173 views 4984 3152 відкрито головну сторінку
DEBUG 2023-06-16 21:30:25,677 views 4984 2936 відкрито сторінку зі сканом атестату
INFO 2023-06-16 21:34:02,276 views 4984 6192 користувач додав скан атестату
DEBUG 2023-06-16 21:34:02,276 views 4984 6192 відкрито сторінку зі сканом атестату
DEBUG 2023-06-16 21:34:24,070 views 4984 10624 відкрито сторінку зі сканом атестату
INFO 2023-06-16 21:34:28,687 views 4984 11080 користувач видалив свій скан атестату
DEBUG 2023-06-16 21:34:28,700 views 4984 11080 відкрито сторінку зі сканом атестату
DEBUG 2023-06-16 21:34:29,720 views 4984 11080 відкрито сторінку зі сканом атестату
INFO 2023-06-16 21:35:34,648 views 4984 12672 користувач додав скан атестату
DEBUG 2023-06-16 21:35:34,648 views 4984 12672 відкрито сторінку зі сканом атестату
DEBUG 2023-06-16 21:39:18,865 views 4984 12904 відкрито сторінку факультету: Educational and Scientific Institute of Computer Sciences and Information Technologies
DEBUG 2023-06-16 21:42:39,402 views 4984 12384 відкрито сторінку спеціальності
DEBUG 2023-06-16 21:46:26,460 views 4984 11240 відкрито сторінку спеціальності
DEBUG 2023-06-16 21:46:28,490 views 4984 11240 відкрито сторінку спеціальності
DEBUG 2023-06-16 21:46:43,044 views 4984 12652 відкрито сторінку спеціальності
DEBUG 2023-06-16 21:46:44,586 views 4984 12652 відкрито сторінку спеціальності
INFO 2023-06-16 21:52:02,922 views 4984 12964 створено заяву
DEBUG 2023-06-16 21:52:04,886 views 4984 12964 відкрито головну сторінку
DEBUG 2023-06-16 21:52:06,495 views 4984 12964 відкрито сторінку свої заяв
DEBUG 2023-06-16 21:56:15,702 views 4984 8496 Користувач вийшов з системи
DEBUG 2023-06-16 21:56:15,738 views 4984 8496 відкрито головну сторінку
DEBUG 2023-06-16 21:56:17,365 views 4984 8496 відкрито сторінку авторизації
DEBUG 2023-06-16 22:11:59,221 views 4984 9068 відкрито головну сторінку
DEBUG 2023-06-16 22:12:05,603 views 4984 9068 відкрито сторінку факультету: Educational and Scientific Institute of Computer Sciences and Information Technologies
DEBUG 2023-06-16 22:12:06,802 views 4984 13588 відкрито сторінку спеціальності
DEBUG 2023-06-16 22:15:32,846 views 4984 13972 відкрито головну сторінку
DEBUG 2023-06-16 22:15:38,822 views 4984 1116 відкрито сторінку факультету: Educational and Scientific Institute of Computer Sciences and Information Technologies
DEBUG 2023-06-16 22:15:40,417 views 4984 1116 відкрито сторінку спеціальності
DEBUG 2023-06-16 23:19:23,302 views 4984 7692 відкрито головну сторінку
DEBUG 2023-06-16 23:20:07,621 views 4984 13132 відкрито головну сторінку
DEBUG 2023-06-16 23:20:18,661 views 4984 2900 відкрито сторінку зі сканом атестату
DEBUG 2023-06-16 23:20:20,602 views 4984 6416 відкрито головну сторінку
DEBUG 2023-06-16 23:21:50,262 views 4984 2864 відкрито головну сторінку
DEBUG 2023-06-16 23:21:51,279 views 4984 2864 відкрито головну сторінку
DEBUG 2023-06-16 23:21:52,005 views 4984 13072 відкрито головну сторінку
DEBUG 2023-06-16 23:21:52,596 views 4984 13072 відкрито головну сторінку
DEBUG 2023-06-16 23:21:56,430 views 4984 13296 відкрито сторінку факультету: Educational and Scientific Institute of Computer Sciences and Information Technologies
